\BOOKMARK [0][-]{chapter.1}{Marco de Referencia}{}% 1
\BOOKMARK [1][-]{section.1.1}{Universidad de Chile}{chapter.1}% 2
\BOOKMARK [2][-]{subsection.1.1.1}{Breve consideraci\363n hist\363rica de la instituci\363n con referencia a su misi\363n}{section.1.1}% 3
\BOOKMARK [1][-]{section.1.2}{Facultad de Ciencias F\355sicas y Matem\341ticas}{chapter.1}% 4
\BOOKMARK [2][-]{subsection.1.2.1}{Rese\361a Hist\363rica}{section.1.2}% 5
\BOOKMARK [2][-]{subsection.1.2.2}{Estructura Org\341nica de la FCFM}{section.1.2}% 6
\BOOKMARK [2][-]{subsection.1.2.3}{Contexto de la FCFM}{section.1.2}% 7
\BOOKMARK [2][-]{subsection.1.2.4}{Descripci\363n de la unidad y su proceso de ense\361anza-aprendizaje}{section.1.2}% 8
\BOOKMARK [1][-]{section.1.3}{Departamento de Ingenier\355a El\351ctrica}{chapter.1}% 9
\BOOKMARK [2][-]{subsection.1.3.1}{Contexto del DIE}{section.1.3}% 10
\BOOKMARK [2][-]{subsection.1.3.2}{Descripci\363n de la unidad acad\351mica}{section.1.3}% 11
\BOOKMARK [1][-]{section.1.4}{Mag\355ster en Ingenier\355a de Redes de Comunicaciones}{chapter.1}% 12
\BOOKMARK [2][-]{subsection.1.4.1}{Breve historia del Programa}{section.1.4}% 13
\BOOKMARK [2][-]{subsection.1.4.2}{Proyecto acad\351mico de la unidad}{section.1.4}% 14
\BOOKMARK [0][-]{chapter.2}{Evaluaci\363n del Proceso Formativo}{}% 15
\BOOKMARK [1][-]{section.2.1}{Definici\363n Conceptual}{chapter.2}% 16
\BOOKMARK [1][-]{section.2.2}{Contexto Institucional}{chapter.2}% 17
\BOOKMARK [2][-]{subsection.2.2.1}{Estructura Organizacional Institucional}{section.2.2}% 18
\BOOKMARK [2][-]{subsection.2.2.2}{Sistema de Organizaci\363n Interna}{section.2.2}% 19
\BOOKMARK [1][-]{section.2.3}{Caracter\355sticas y Resultados del Programa}{chapter.2}% 20
\BOOKMARK [2][-]{subsection.2.3.1}{Car\341cter, objetivos y perfil de egreso}{section.2.3}% 21
\BOOKMARK [2][-]{subsection.2.3.2}{Requisitos de Admisi\363n y Proceso de Selecci\363n}{section.2.3}% 22
\BOOKMARK [2][-]{subsection.2.3.3}{Estructura del Programa y Plan de Estudios}{section.2.3}% 23
\BOOKMARK [2][-]{subsection.2.3.4}{Progresi\363n de estudiantes y evaluaci\363n de resultados}{section.2.3}% 24
\BOOKMARK [1][-]{section.2.4}{Cuerpo Acad\351mico}{chapter.2}% 25
\BOOKMARK [2][-]{subsection.2.4.1}{Presentaci\363n del Cuerpo Acad\351mico}{section.2.4}% 26
\BOOKMARK [2][-]{subsection.2.4.2}{Caracter\355sticas Generales}{section.2.4}% 27
\BOOKMARK [2][-]{subsection.2.4.3}{An\341lisis del cuerpo acad\351mico por dimensiones relevantes}{section.2.4}% 28
\BOOKMARK [2][-]{subsection.2.4.4}{Definiciones Reglamentarias}{section.2.4}% 29
\BOOKMARK [1][-]{section.2.5}{Recursos de Apoyo}{chapter.2}% 30
\BOOKMARK [2][-]{subsection.2.5.1}{Apoyo Institucional e Infraestructura}{section.2.5}% 31
\BOOKMARK [1][-]{section.2.6}{Capacidad de Autorregulaci\363n}{chapter.2}% 32
\BOOKMARK [2][-]{subsection.2.6.1}{Equilibrio entre estudiantes y recursos}{section.2.6}% 33
\BOOKMARK [2][-]{subsection.2.6.2}{Difusi\363n}{section.2.6}% 34
\BOOKMARK [2][-]{subsection.2.6.3}{Reglamentaci\363n}{section.2.6}% 35
\BOOKMARK [2][-]{subsection.2.6.4}{Difusi\363n de la Reglamentaci\363n}{section.2.6}% 36
\BOOKMARK [2][-]{subsection.2.6.5}{Procesos de Diagn\363stico}{section.2.6}% 37
\BOOKMARK [2][-]{subsection.2.6.6}{Plan de Desarrollo}{section.2.6}% 38
\BOOKMARK [2][-]{subsection.2.6.7}{Autoevaluaci\363n y mejoramiento continuo}{section.2.6}% 39
\BOOKMARK [0][-]{chapter.3}{S\355ntesis del Proceso de Autoevaluaci\363n}{}% 40
\BOOKMARK [1][-]{section.3.1}{Organizaci\363n}{chapter.3}% 41
\BOOKMARK [1][-]{section.3.2}{Participaci\363n}{chapter.3}% 42
\BOOKMARK [1][-]{section.3.3}{Encuestas Acreditaci\363n}{chapter.3}% 43
\BOOKMARK [1][-]{section.3.4}{Criterio de An\341lisis}{chapter.3}% 44
\BOOKMARK [2][-]{subsection.3.4.1}{Consolidado de las Encuestas}{section.3.4}% 45
\BOOKMARK [1][-]{section.3.5}{Fortalezas, Debilidades y Oportunidades de Mejora por Criterio}{chapter.3}% 46
\BOOKMARK [2][-]{subsection.3.5.1}{Entorno Institucional}{section.3.5}% 47
\BOOKMARK [2][-]{subsection.3.5.2}{Sistema de Organizaci\363n Interna}{section.3.5}% 48
\BOOKMARK [2][-]{subsection.3.5.3}{Car\341cter, Objetivos y Perfil de Egreso}{section.3.5}% 49
\BOOKMARK [2][-]{subsection.3.5.4}{Requisitos de Admisi\363n y Proceso de Selecci\363n}{section.3.5}% 50
\BOOKMARK [2][-]{subsection.3.5.5}{Estructura del Programa y Plan de Estudios}{section.3.5}% 51
\BOOKMARK [2][-]{subsection.3.5.6}{Acad\351micos}{section.3.5}% 52
\BOOKMARK [2][-]{subsection.3.5.7}{Apoyo Institucional e Infraestructura}{section.3.5}% 53
\BOOKMARK [2][-]{subsection.3.5.8}{Vinculaci\363n con el Medio}{section.3.5}% 54
\BOOKMARK [2][-]{subsection.3.5.9}{Egresados}{section.3.5}% 55
\BOOKMARK [1][-]{section.3.6}{Plan De Desarrollo}{chapter.3}% 56
\BOOKMARK [2][-]{subsection.3.6.1}{Ejecuci\363n del Plan de Desarrollo que aborda las Debilidades}{section.3.6}% 57
\BOOKMARK [2][-]{subsection.3.6.2}{Ejecuci\363n del Plan de Desarrollo que aborda las Oportunidades de Mejora}{section.3.6}% 58
