This is pdfTeX, Version 3.14159265-2.6-1.40.17 (MiKTeX 2.9.6210 64-bit) (preloaded format=pdflatex 2017.3.4)  13 DEC 2017 02:50
entering extended mode
**./structure.tex
(structure.tex
LaTeX2e <2017/01/01> patch level 1
Babel <3.9r> and hyphenation patterns for 75 language(s) loaded.

! LaTeX Error: \usepackage before \documentclass.

See the LaTeX manual or LaTeX Companion for explanation.
Type  H <return>  for immediate help.
 ...                                              
                                                  
l.5 \usepackage{
                titlesec} % Allows customization of titles
\usepackage may only appear in the document preamble, i.e.,
between \documentclass and \begin{document}.


! LaTeX Error: \usepackage before \documentclass.

See the LaTeX manual or LaTeX Companion for explanation.
Type  H <return>  for immediate help.
 ...                                              
                                                  
l.7 \usepackage{
                graphicx} % Required for including pictures
\usepackage may only appear in the document preamble, i.e.,
between \documentclass and \begin{document}.

! Undefined control sequence.
l.8 \graphicspath
                 {{Pictures/}} % Specifies the directory where pictures are ...
The control sequence at the end of the top line
of your error message was never \def'ed. If you have
misspelled it (e.g., `\hobx'), type `I' and the correct
spelling (e.g., `I\hbox'). Otherwise just continue,
and I'll forget about whatever was undefined.


! LaTeX Error: Missing \begin{document}.

See the LaTeX manual or LaTeX Companion for explanation.
Type  H <return>  for immediate help.
 ...                                              
                                                  
l.8 \graphicspath{{P
                    ictures/}} % Specifies the directory where pictures are ...

You're in trouble here.  Try typing  <return>  to proceed.
If that doesn't work, type  X <return>  to quit.

Missing character: There is no P in font nullfont!
Missing character: There is no i in font nullfont!
Missing character: There is no c in font nullfont!
Missing character: There is no t in font nullfont!
Missing character: There is no u in font nullfont!
Missing character: There is no r in font nullfont!
Missing character: There is no e in font nullfont!
Missing character: There is no s in font nullfont!
Missing character: There is no / in font nullfont!

Overfull \hbox (20.0pt too wide) in paragraph at lines 8--9
[] 
 []


! LaTeX Error: \usepackage before \documentclass.

See the LaTeX manual or LaTeX Companion for explanation.
Type  H <return>  for immediate help.
 ...                                              
                                                  
l.10 \usepackage{
                 lipsum} % Inserts dummy text
\usepackage may only appear in the document preamble, i.e.,
between \documentclass and \begin{document}.


! LaTeX Error: \usepackage before \documentclass.

See the LaTeX manual or LaTeX Companion for explanation.
Type  H <return>  for immediate help.
 ...                                              
                                                  
l.12 \usepackage{
                 tikz} % Required for drawing custom shapes
\usepackage may only appear in the document preamble, i.e.,
between \documentclass and \begin{document}.


! LaTeX Error: \usepackage before \documentclass.

See the LaTeX manual or LaTeX Companion for explanation.
Type  H <return>  for immediate help.
 ...                                              
                                                  
l.14 \usepackage[spanish]{
                          babel} % English language/hyphenation
\usepackage may only appear in the document preamble, i.e.,
between \documentclass and \begin{document}.


! LaTeX Error: \usepackage before \documentclass.

See the LaTeX manual or LaTeX Companion for explanation.
Type  H <return>  for immediate help.
 ...                                              
                                                  
l.15 \usepackage[es-tabla]{
                           babel}
\usepackage may only appear in the document preamble, i.e.,
between \documentclass and \begin{document}.


! LaTeX Error: \usepackage before \documentclass.

See the LaTeX manual or LaTeX Companion for explanation.
Type  H <return>  for immediate help.
 ...                                              
                                                  
l.17 \usepackage{
                 enumitem} % Customize lists
\usepackage may only appear in the document preamble, i.e.,
between \documentclass and \begin{document}.

! Undefined control sequence.
l.18 \setlist
             {nolistsep} % Reduce spacing between bullet points and numbered...
The control sequence at the end of the top line
of your error message was never \def'ed. If you have
misspelled it (e.g., `\hobx'), type `I' and the correct
spelling (e.g., `I\hbox'). Otherwise just continue,
and I'll forget about whatever was undefined.


! LaTeX Error: Missing \begin{document}.

See the LaTeX manual or LaTeX Companion for explanation.
Type  H <return>  for immediate help.
 ...                                              
                                                  
l.18 \setlist{n
               olistsep} % Reduce spacing between bullet points and numbered...

You're in trouble here.  Try typing  <return>  to proceed.
If that doesn't work, type  X <return>  to quit.

Missing character: There is no n in font nullfont!
Missing character: There is no o in font nullfont!
Missing character: There is no l in font nullfont!
Missing character: There is no i in font nullfont!
Missing character: There is no s in font nullfont!
Missing character: There is no t in font nullfont!
Missing character: There is no s in font nullfont!
Missing character: There is no e in font nullfont!
Missing character: There is no p in font nullfont!

Overfull \hbox (20.0pt too wide) in paragraph at lines 18--19
[] 
 []


! LaTeX Error: \usepackage before \documentclass.

See the LaTeX manual or LaTeX Companion for explanation.
Type  H <return>  for immediate help.
 ...                                              
                                                  
l.20 \usepackage{
                 booktabs} % Required for nicer horizontal rules in tables
\usepackage may only appear in the document preamble, i.e.,
between \documentclass and \begin{document}.


! LaTeX Error: \usepackage before \documentclass.

See the LaTeX manual or LaTeX Companion for explanation.
Type  H <return>  for immediate help.
 ...                                              
                                                  
l.22 \usepackage{
                 eso-pic} % Required for specifying an image background in t...

\usepackage may only appear in the document preamble, i.e.,
between \documentclass and \begin{document}.


! LaTeX Error: \usepackage before \documentclass.

See the LaTeX manual or LaTeX Companion for explanation.
Type  H <return>  for immediate help.
 ...                                              
                                                  
l.28 \usepackage{
                 titletoc} % Required for manipulating the table of contents
\usepackage may only appear in the document preamble, i.e.,
between \documentclass and \begin{document}.

! Undefined control sequence.
l.29 \addto
           \captionsenglish{%
The control sequence at the end of the top line
of your error message was never \def'ed. If you have
misspelled it (e.g., `\hobx'), type `I' and the correct
spelling (e.g., `I\hbox'). Otherwise just continue,
and I'll forget about whatever was undefined.

! Undefined control sequence.
l.29 \addto\captionsenglish
                           {%
The control sequence at the end of the top line
of your error message was never \def'ed. If you have
misspelled it (e.g., `\hobx'), type `I' and the correct
spelling (e.g., `I\hbox'). Otherwise just continue,
and I'll forget about whatever was undefined.


! LaTeX Error: \contentsname undefined.

See the LaTeX manual or LaTeX Companion for explanation.
Type  H <return>  for immediate help.
 ...                                              
                                                  
l.30   \renewcommand{\contentsname}
                                   {Contenido}%
Try typing  <return>  to proceed.
If that doesn't work, type  X <return>  to quit.

! Undefined control sequence.
l.33 \contentsmargin
                    {0cm} % Removes the default margin
The control sequence at the end of the top line
of your error message was never \def'ed. If you have
misspelled it (e.g., `\hobx'), type `I' and the correct
spelling (e.g., `I\hbox'). Otherwise just continue,
and I'll forget about whatever was undefined.


! LaTeX Error: Missing \begin{document}.

See the LaTeX manual or LaTeX Companion for explanation.
Type  H <return>  for immediate help.
 ...                                              
                                                  
l.33 \contentsmargin{0
                      cm} % Removes the default margin
You're in trouble here.  Try typing  <return>  to proceed.
If that doesn't work, type  X <return>  to quit.

Missing character: There is no 0 in font nullfont!
Missing character: There is no c in font nullfont!
Missing character: There is no m in font nullfont!
! Undefined control sequence.
l.35 \titlecontents
                   {chapter}[1.25cm] % Indentation
The control sequence at the end of the top line
of your error message was never \def'ed. If you have
misspelled it (e.g., `\hobx'), type `I' and the correct
spelling (e.g., `I\hbox'). Otherwise just continue,
and I'll forget about whatever was undefined.

Missing character: There is no c in font nullfont!
Missing character: There is no h in font nullfont!
Missing character: There is no a in font nullfont!
Missing character: There is no p in font nullfont!
Missing character: There is no t in font nullfont!
Missing character: There is no e in font nullfont!
Missing character: There is no r in font nullfont!
Missing character: There is no [ in font nullfont!
Missing character: There is no 1 in font nullfont!
Missing character: There is no . in font nullfont!
Missing character: There is no 2 in font nullfont!
Missing character: There is no 5 in font nullfont!
Missing character: There is no c in font nullfont!
Missing character: There is no m in font nullfont!
Missing character: There is no ] in font nullfont!

! LaTeX Error: Something's wrong--perhaps a missing \item.

See the LaTeX manual or LaTeX Companion for explanation.
Type  H <return>  for immediate help.
 ...                                              
                                                  
l.36 {\addvspace{15pt}
                      \large\sffamily\bfseries} % Spacing and font options f...

Try typing  <return>  to proceed.
If that doesn't work, type  X <return>  to quit.

! Undefined control sequence.
l.36 {\addvspace{15pt}\large
                            \sffamily\bfseries} % Spacing and font options f...
The control sequence at the end of the top line
of your error message was never \def'ed. If you have
misspelled it (e.g., `\hobx'), type `I' and the correct
spelling (e.g., `I\hbox'). Otherwise just continue,
and I'll forget about whatever was undefined.

! Undefined control sequence.
l.37 {\color
            {ocre!60}\contentslabel[\Large\thecontentslabel]{1.25cm}\color{o...
The control sequence at the end of the top line
of your error message was never \def'ed. If you have
misspelled it (e.g., `\hobx'), type `I' and the correct
spelling (e.g., `I\hbox'). Otherwise just continue,
and I'll forget about whatever was undefined.

Missing character: There is no o in font nullfont!
Missing character: There is no c in font nullfont!
Missing character: There is no r in font nullfont!
Missing character: There is no e in font nullfont!
Missing character: There is no ! in font nullfont!
Missing character: There is no 6 in font nullfont!
Missing character: There is no 0 in font nullfont!
! Undefined control sequence.
l.37 {\color{ocre!60}\contentslabel
                                   [\Large\thecontentslabel]{1.25cm}\color{o...
The control sequence at the end of the top line
of your error message was never \def'ed. If you have
misspelled it (e.g., `\hobx'), type `I' and the correct
spelling (e.g., `I\hbox'). Otherwise just continue,
and I'll forget about whatever was undefined.

Missing character: There is no [ in font nullfont!
! Undefined control sequence.
l.37 {\color{ocre!60}\contentslabel[\Large
                                          \thecontentslabel]{1.25cm}\color{o...
The control sequence at the end of the top line
of your error message was never \def'ed. If you have
misspelled it (e.g., `\hobx'), type `I' and the correct
spelling (e.g., `I\hbox'). Otherwise just continue,
and I'll forget about whatever was undefined.

! Undefined control sequence.
l.37 ...!60}\contentslabel[\Large\thecontentslabel
                                                  ]{1.25cm}\color{ocre}} % C...
The control sequence at the end of the top line
of your error message was never \def'ed. If you have
misspelled it (e.g., `\hobx'), type `I' and the correct
spelling (e.g., `I\hbox'). Otherwise just continue,
and I'll forget about whatever was undefined.

Missing character: There is no ] in font nullfont!
Missing character: There is no 1 in font nullfont!
Missing character: There is no . in font nullfont!
Missing character: There is no 2 in font nullfont!
Missing character: There is no 5 in font nullfont!
Missing character: There is no c in font nullfont!
Missing character: There is no m in font nullfont!
! Undefined control sequence.
l.37 ...bel[\Large\thecontentslabel]{1.25cm}\color
                                                  {ocre}} % Chapter number
The control sequence at the end of the top line
of your error message was never \def'ed. If you have
misspelled it (e.g., `\hobx'), type `I' and the correct
spelling (e.g., `I\hbox'). Otherwise just continue,
and I'll forget about whatever was undefined.

Missing character: There is no o in font nullfont!
Missing character: There is no c in font nullfont!
Missing character: There is no r in font nullfont!
Missing character: There is no e in font nullfont!
! Undefined control sequence.
l.39 {\color
            {ocre!60}\normalsize\sffamily\bfseries\;\titlerule*[.5pc]{.}\;\t...
The control sequence at the end of the top line
of your error message was never \def'ed. If you have
misspelled it (e.g., `\hobx'), type `I' and the correct
spelling (e.g., `I\hbox'). Otherwise just continue,
and I'll forget about whatever was undefined.

Missing character: There is no o in font nullfont!
Missing character: There is no c in font nullfont!
Missing character: There is no r in font nullfont!
Missing character: There is no e in font nullfont!
Missing character: There is no ! in font nullfont!
Missing character: There is no 6 in font nullfont!
Missing character: There is no 0 in font nullfont!

! LaTeX Error: The font size command \normalsize is not defined:
               there is probably something wrong with the class file.

See the LaTeX manual or LaTeX Companion for explanation.
Type  H <return>  for immediate help.
 ...                                              
                                                  
l.39 {\color{ocre!60}\normalsize
                                \sffamily\bfseries\;\titlerule*[.5pc]{.}\;\t...

Your command was ignored.
Type  I <command> <return>  to replace it with another command,
or  <return>  to continue without it.

! Missing $ inserted.
<inserted text> 
                $
l.39 ...or{ocre!60}\normalsize\sffamily\bfseries\;
                                                  \titlerule*[.5pc]{.}\;\the...
I've inserted a begin-math/end-math symbol since I think
you left one out. Proceed, with fingers crossed.

LaTeX Font Info:    External font `cmex10' loaded for size
(Font)              <7> on input line 39.
LaTeX Font Info:    External font `cmex10' loaded for size
(Font)              <5> on input line 39.
! Undefined control sequence.
l.39 ...}\normalsize\sffamily\bfseries\;\titlerule
                                                  *[.5pc]{.}\;\thecontentspa...
The control sequence at the end of the top line
of your error message was never \def'ed. If you have
misspelled it (e.g., `\hobx'), type `I' and the correct
spelling (e.g., `I\hbox'). Otherwise just continue,
and I'll forget about whatever was undefined.

! Undefined control sequence.
l.39 ...es\;\titlerule*[.5pc]{.}\;\thecontentspage
                                                  } % Page number
The control sequence at the end of the top line
of your error message was never \def'ed. If you have
misspelled it (e.g., `\hobx'), type `I' and the correct
spelling (e.g., `I\hbox'). Otherwise just continue,
and I'll forget about whatever was undefined.

! Extra }, or forgotten $.
l.39 ...s\;\titlerule*[.5pc]{.}\;\thecontentspage}
                                                   % Page number
I've deleted a group-closing symbol because it seems to be
spurious, as in `$x}$'. But perhaps the } is legitimate and
you forgot something else, as in `\hbox{$x}'. In such cases
the way to recover is to insert both the forgotten and the
deleted material, e.g., by typing `I$}'.

! Undefined control sequence.
l.41 \titlecontents
                   {section}[1.25cm] % Indentation
The control sequence at the end of the top line
of your error message was never \def'ed. If you have
misspelled it (e.g., `\hobx'), type `I' and the correct
spelling (e.g., `I\hbox'). Otherwise just continue,
and I'll forget about whatever was undefined.


! LaTeX Error: Something's wrong--perhaps a missing \item.

See the LaTeX manual or LaTeX Companion for explanation.
Type  H <return>  for immediate help.
 ...                                              
                                                  
l.42 {\addvspace{5pt}
                     \sffamily\bfseries} % Spacing and font options for sect...

Try typing  <return>  to proceed.
If that doesn't work, type  X <return>  to quit.


! LaTeX Error: Command \sffamily invalid in math mode.

See the LaTeX manual or LaTeX Companion for explanation.
Type  H <return>  for immediate help.
 ...                                              
                                                  
l.42 {\addvspace{5pt}\sffamily
                              \bfseries} % Spacing and font options for sect...

Please use the math alphabet \mathsf instead of the \sffamily command. 


! LaTeX Error: Command \bfseries invalid in math mode.

See the LaTeX manual or LaTeX Companion for explanation.
Type  H <return>  for immediate help.
 ...                                              
                                                  
l.42 {\addvspace{5pt}\sffamily\bfseries
                                       } % Spacing and font options for sect...

Please use the math alphabet \mathbf instead of the \bfseries command. 

! Undefined control sequence.
l.43 {\contentslabel
                    [\thecontentslabel]{1.25cm}} % Section number
The control sequence at the end of the top line
of your error message was never \def'ed. If you have
misspelled it (e.g., `\hobx'), type `I' and the correct
spelling (e.g., `I\hbox'). Otherwise just continue,
and I'll forget about whatever was undefined.

! Undefined control sequence.
l.43 {\contentslabel[\thecontentslabel
                                      ]{1.25cm}} % Section number
The control sequence at the end of the top line
of your error message was never \def'ed. If you have
misspelled it (e.g., `\hobx'), type `I' and the correct
spelling (e.g., `I\hbox'). Otherwise just continue,
and I'll forget about whatever was undefined.


! LaTeX Error: Command \sffamily invalid in math mode.

See the LaTeX manual or LaTeX Companion for explanation.
Type  H <return>  for immediate help.
 ...                                              
                                                  
l.45 {\sffamily
               \hfill\color{black}\thecontentspage} % Page number
Please use the math alphabet \mathsf instead of the \sffamily command. 

! Undefined control sequence.
l.45 {\sffamily\hfill\color
                           {black}\thecontentspage} % Page number
The control sequence at the end of the top line
of your error message was never \def'ed. If you have
misspelled it (e.g., `\hobx'), type `I' and the correct
spelling (e.g., `I\hbox'). Otherwise just continue,
and I'll forget about whatever was undefined.

! Undefined control sequence.
l.45 {\sffamily\hfill\color{black}\thecontentspage
                                                  } % Page number
The control sequence at the end of the top line
of your error message was never \def'ed. If you have
misspelled it (e.g., `\hobx'), type `I' and the correct
spelling (e.g., `I\hbox'). Otherwise just continue,
and I'll forget about whatever was undefined.

! Undefined control sequence.
l.48 \titlecontents
                   {subsection}[1.25cm] % Indentation
The control sequence at the end of the top line
of your error message was never \def'ed. If you have
misspelled it (e.g., `\hobx'), type `I' and the correct
spelling (e.g., `I\hbox'). Otherwise just continue,
and I'll forget about whatever was undefined.


! LaTeX Error: Something's wrong--perhaps a missing \item.

See the LaTeX manual or LaTeX Companion for explanation.
Type  H <return>  for immediate help.
 ...                                              
                                                  
l.49 {\addvspace{1pt}
                     \sffamily\small} % Spacing and font options for subsect...

Try typing  <return>  to proceed.
If that doesn't work, type  X <return>  to quit.


! LaTeX Error: Command \sffamily invalid in math mode.

See the LaTeX manual or LaTeX Companion for explanation.
Type  H <return>  for immediate help.
 ...                                              
                                                  
l.49 {\addvspace{1pt}\sffamily
                              \small} % Spacing and font options for subsect...

Please use the math alphabet \mathsf instead of the \sffamily command. 

! Undefined control sequence.
l.49 {\addvspace{1pt}\sffamily\small
                                    } % Spacing and font options for subsect...
The control sequence at the end of the top line
of your error message was never \def'ed. If you have
misspelled it (e.g., `\hobx'), type `I' and the correct
spelling (e.g., `I\hbox'). Otherwise just continue,
and I'll forget about whatever was undefined.

! Undefined control sequence.
l.50 {\contentslabel
                    [\thecontentslabel]{1.25cm}} % Subsection number
The control sequence at the end of the top line
of your error message was never \def'ed. If you have
misspelled it (e.g., `\hobx'), type `I' and the correct
spelling (e.g., `I\hbox'). Otherwise just continue,
and I'll forget about whatever was undefined.

! Undefined control sequence.
l.50 {\contentslabel[\thecontentslabel
                                      ]{1.25cm}} % Subsection number
The control sequence at the end of the top line
of your error message was never \def'ed. If you have
misspelled it (e.g., `\hobx'), type `I' and the correct
spelling (e.g., `I\hbox'). Otherwise just continue,
and I'll forget about whatever was undefined.


! LaTeX Error: Command \sffamily invalid in math mode.

See the LaTeX manual or LaTeX Companion for explanation.
Type  H <return>  for immediate help.
 ...                                              
                                                  
l.52 {\sffamily
               \;\titlerule*[.5pc]{.}\;\thecontentspage} % Page number
Please use the math alphabet \mathsf instead of the \sffamily command. 

! Undefined control sequence.
l.52 {\sffamily\;\titlerule
                           *[.5pc]{.}\;\thecontentspage} % Page number
The control sequence at the end of the top line
of your error message was never \def'ed. If you have
misspelled it (e.g., `\hobx'), type `I' and the correct
spelling (e.g., `I\hbox'). Otherwise just continue,
and I'll forget about whatever was undefined.

! Undefined control sequence.
l.52 ...ly\;\titlerule*[.5pc]{.}\;\thecontentspage
                                                  } % Page number
The control sequence at the end of the top line
of your error message was never \def'ed. If you have
misspelled it (e.g., `\hobx'), type `I' and the correct
spelling (e.g., `I\hbox'). Otherwise just continue,
and I'll forget about whatever was undefined.

! Missing $ inserted.
<inserted text> 
                $
l.54 
     
I've inserted a begin-math/end-math symbol since I think
you left one out. Proceed, with fingers crossed.


Overfull \hbox (20.0pt too wide) in paragraph at lines 33--54
[]
 []


Overfull \hbox (326.6132pt too wide) in paragraph at lines 33--54
\OMS/cmsy/m/n/10 \OT1/cmr/m/n/10 [\OML/cmm/m/it/10 :\OT1/cmr/m/n/10 5\OML/cmm/
m/it/10 pc\OT1/cmr/m/n/10 ]\OML/cmm/m/it/10 : []\OT1/cmr/m/n/10 [1\OML/cmm/m/it
/10 :\OT1/cmr/m/n/10 25\OML/cmm/m/it/10 cm\OT1/cmr/m/n/10 ][][][][][][][1\OML/c
mm/m/it/10 :\OT1/cmr/m/n/10 25\OML/cmm/m/it/10 cm\OT1/cmr/m/n/10 ][][][][][]$ 
 []

! Undefined control sequence.
l.60 \titlecontents
                   {lsection}[0em] % Indendating
The control sequence at the end of the top line
of your error message was never \def'ed. If you have
misspelled it (e.g., `\hobx'), type `I' and the correct
spelling (e.g., `I\hbox'). Otherwise just continue,
and I'll forget about whatever was undefined.


! LaTeX Error: Missing \begin{document}.

See the LaTeX manual or LaTeX Companion for explanation.
Type  H <return>  for immediate help.
 ...                                              
                                                  
l.60 \titlecontents{l
                     section}[0em] % Indendating
You're in trouble here.  Try typing  <return>  to proceed.
If that doesn't work, type  X <return>  to quit.

! Undefined control sequence.
l.61 {\footnotesize
                   \sffamily} % Font settings
The control sequence at the end of the top line
of your error message was never \def'ed. If you have
misspelled it (e.g., `\hobx'), type `I' and the correct
spelling (e.g., `I\hbox'). Otherwise just continue,
and I'll forget about whatever was undefined.


Overfull \hbox (80.6197pt too wide) in paragraph at lines 60--65
[]\OT1/cmss/bx/n/10 lsection[0em]
 []

! Undefined control sequence.
l.67 \titlecontents
                   {lsubsection}[.5em] % Indentation
The control sequence at the end of the top line
of your error message was never \def'ed. If you have
misspelled it (e.g., `\hobx'), type `I' and the correct
spelling (e.g., `I\hbox'). Otherwise just continue,
and I'll forget about whatever was undefined.


! LaTeX Error: Missing \begin{document}.

See the LaTeX manual or LaTeX Companion for explanation.
Type  H <return>  for immediate help.
 ...                                              
                                                  
l.67 \titlecontents{l
                     subsection}[.5em] % Indentation
You're in trouble here.  Try typing  <return>  to proceed.
If that doesn't work, type  X <return>  to quit.

! Undefined control sequence.
l.68 {\normalfont\footnotesize
                              \sffamily} % Font settings
The control sequence at the end of the top line
of your error message was never \def'ed. If you have
misspelled it (e.g., `\hobx'), type `I' and the correct
spelling (e.g., `I\hbox'). Otherwise just continue,
and I'll forget about whatever was undefined.


Overfull \hbox (99.11423pt too wide) in paragraph at lines 67--72
[]\OT1/cmss/bx/n/10 lsubsection[.5em]
 []


! LaTeX Error: \usepackage before \documentclass.

See the LaTeX manual or LaTeX Companion for explanation.
Type  H <return>  for immediate help.
 ...                                              
                                                  
l.77 \usepackage{
                 fancyhdr} % Required for header and footer configuration
\usepackage may only appear in the document preamble, i.e.,
between \documentclass and \begin{document}.

! Undefined control sequence.
<argument> \undefinedpagestyle 
                               
l.79 \pagestyle{fancy}
                      
The control sequence at the end of the top line
of your error message was never \def'ed. If you have
misspelled it (e.g., `\hobx'), type `I' and the correct
spelling (e.g., `I\hbox'). Otherwise just continue,
and I'll forget about whatever was undefined.


! LaTeX Error: \chaptermark undefined.

See the LaTeX manual or LaTeX Companion for explanation.
Type  H <return>  for immediate help.
 ...                                              
                                                  
l.80 \renewcommand{\chaptermark}
                                [1]{\markboth{\sffamily\normalsize\bfseries\...

Try typing  <return>  to proceed.
If that doesn't work, type  X <return>  to quit.

! Undefined control sequence.
l.83 \fancyhf
             {} \fancyhead[LE,RO]{\sffamily\normalsize\thepage} % Font setti...
The control sequence at the end of the top line
of your error message was never \def'ed. If you have
misspelled it (e.g., `\hobx'), type `I' and the correct
spelling (e.g., `I\hbox'). Otherwise just continue,
and I'll forget about whatever was undefined.

! Undefined control sequence.
l.83 \fancyhf{} \fancyhead
                          [LE,RO]{\sffamily\normalsize\thepage} % Font setti...
The control sequence at the end of the top line
of your error message was never \def'ed. If you have
misspelled it (e.g., `\hobx'), type `I' and the correct
spelling (e.g., `I\hbox'). Otherwise just continue,
and I'll forget about whatever was undefined.


! LaTeX Error: Missing \begin{document}.

See the LaTeX manual or LaTeX Companion for explanation.
Type  H <return>  for immediate help.
 ...                                              
                                                  
l.83 \fancyhf{} \fancyhead[
                           LE,RO]{\sffamily\normalsize\thepage} % Font setti...

You're in trouble here.  Try typing  <return>  to proceed.
If that doesn't work, type  X <return>  to quit.


! LaTeX Error: The font size command \normalsize is not defined:
               there is probably something wrong with the class file.

See the LaTeX manual or LaTeX Companion for explanation.
Type  H <return>  for immediate help.
 ...                                              
                                                  
l.83 ...f{} \fancyhead[LE,RO]{\sffamily\normalsize
                                                  \thepage} % Font setting f...

Your command was ignored.
Type  I <command> <return>  to replace it with another command,
or  <return>  to continue without it.

! Undefined control sequence.
l.83 ...cyhead[LE,RO]{\sffamily\normalsize\thepage
                                                  } % Font setting for the p...
The control sequence at the end of the top line
of your error message was never \def'ed. If you have
misspelled it (e.g., `\hobx'), type `I' and the correct
spelling (e.g., `I\hbox'). Otherwise just continue,
and I'll forget about whatever was undefined.

! Undefined control sequence.
l.84 \fancyhead
               [LO]{\rightmark} % Print the nearest section name on the left...
The control sequence at the end of the top line
of your error message was never \def'ed. If you have
misspelled it (e.g., `\hobx'), type `I' and the correct
spelling (e.g., `I\hbox'). Otherwise just continue,
and I'll forget about whatever was undefined.

! Undefined control sequence.
l.85 \fancyhead
               [RE]{\leftmark} % Print the current chapter name on the right...
The control sequence at the end of the top line
of your error message was never \def'ed. If you have
misspelled it (e.g., `\hobx'), type `I' and the correct
spelling (e.g., `I\hbox'). Otherwise just continue,
and I'll forget about whatever was undefined.


! LaTeX Error: \headrulewidth undefined.

See the LaTeX manual or LaTeX Companion for explanation.
Type  H <return>  for immediate help.
 ...                                              
                                                  
l.86 \renewcommand{\headrulewidth}
                                  {0.5pt} % Width of the rule under the header
Try typing  <return>  to proceed.
If that doesn't work, type  X <return>  to quit.


! LaTeX Error: \footrulewidth undefined.

See the LaTeX manual or LaTeX Companion for explanation.
Type  H <return>  for immediate help.
 ...                                              
                                                  
l.88 \renewcommand{\footrulewidth}
                                  {0pt} % Removes the rule in the footer
Try typing  <return>  to proceed.
If that doesn't work, type  X <return>  to quit.

! Undefined control sequence.
l.89 \fancypagestyle
                    {plain}{\fancyhead{}\renewcommand{\headrulewidth}{0pt}} ...
The control sequence at the end of the top line
of your error message was never \def'ed. If you have
misspelled it (e.g., `\hobx'), type `I' and the correct
spelling (e.g., `I\hbox'). Otherwise just continue,
and I'll forget about whatever was undefined.

! Undefined control sequence.
l.89 \fancypagestyle{plain}{\fancyhead
                                      {}\renewcommand{\headrulewidth}{0pt}} ...
The control sequence at the end of the top line
of your error message was never \def'ed. If you have
misspelled it (e.g., `\hobx'), type `I' and the correct
spelling (e.g., `I\hbox'). Otherwise just continue,
and I'll forget about whatever was undefined.


Overfull \hbox (57.11131pt too wide) in paragraph at lines 83--90
[]\OT1/cmss/bx/n/10 [LE,RO]
 []


Overfull \hbox (20.61122pt too wide) in paragraph at lines 83--90
\OT1/cmss/bx/n/10 [LO]
 []


Overfull \hbox (20.30566pt too wide) in paragraph at lines 83--90
\OT1/cmss/bx/n/10 [RE]
 []


Overfull \hbox (21.5834pt too wide) in paragraph at lines 83--90
\OT1/cmss/bx/n/10 plain 
 []


! LaTeX Error: \usepackage before \documentclass.

See the LaTeX manual or LaTeX Companion for explanation.
Type  H <return>  for immediate help.
 ...                                              
                                                  
l.105 \usepackage{
                  amsmath,amsfonts,amssymb,amsthm} % For math equations, the...

\usepackage may only appear in the document preamble, i.e.,
between \documentclass and \begin{document}.

\c@notation=\count79

! LaTeX Error: No counter 'chapter' defined.

See the LaTeX manual or LaTeX Companion for explanation.
Type  H <return>  for immediate help.
 ...                                              
                                                  
l.110 \newtheorem{notation}{Notation}[chapter]
                                              
Your command was ignored.
Type  I <command> <return>  to replace it with another command,
or  <return>  to continue without it.

! Undefined control sequence.
l.115 \newtheoremstyle
                      {ocrenumbox}% % Theorem style name
The control sequence at the end of the top line
of your error message was never \def'ed. If you have
misspelled it (e.g., `\hobx'), type `I' and the correct
spelling (e.g., `I\hbox'). Otherwise just continue,
and I'll forget about whatever was undefined.


! LaTeX Error: Missing \begin{document}.

See the LaTeX manual or LaTeX Companion for explanation.
Type  H <return>  for immediate help.
 ...                                              
                                                  
l.115 \newtheoremstyle{o
                        crenumbox}% % Theorem style name
You're in trouble here.  Try typing  <return>  to proceed.
If that doesn't work, type  X <return>  to quit.

! Undefined control sequence.
l.120 {\small
             \bf\sffamily\color{ocre}}% % Theorem head font
The control sequence at the end of the top line
of your error message was never \def'ed. If you have
misspelled it (e.g., `\hobx'), type `I' and the correct
spelling (e.g., `I\hbox'). Otherwise just continue,
and I'll forget about whatever was undefined.

! Undefined control sequence.
l.120 {\small\bf
                \sffamily\color{ocre}}% % Theorem head font
The control sequence at the end of the top line
of your error message was never \def'ed. If you have
misspelled it (e.g., `\hobx'), type `I' and the correct
spelling (e.g., `I\hbox'). Otherwise just continue,
and I'll forget about whatever was undefined.

! Undefined control sequence.
l.120 {\small\bf\sffamily\color
                               {ocre}}% % Theorem head font
The control sequence at the end of the top line
of your error message was never \def'ed. If you have
misspelled it (e.g., `\hobx'), type `I' and the correct
spelling (e.g., `I\hbox'). Otherwise just continue,
and I'll forget about whatever was undefined.

! Missing $ inserted.
<inserted text> 
                $
l.121 {\;
         }% Punctuation after theorem head
I've inserted a begin-math/end-math symbol since I think
you left one out. Proceed, with fingers crossed.

! Extra }, or forgotten $.
l.121 {\;}
          % Punctuation after theorem head
I've deleted a group-closing symbol because it seems to be
spurious, as in `$x}$'. But perhaps the } is legitimate and
you forgot something else, as in `\hbox{$x}'. In such cases
the way to recover is to insert both the forgotten and the
deleted material, e.g., by typing `I$}'.

! Undefined control sequence.
l.123 {\small
             \sffamily\color{ocre}\thmname{#1}\nobreakspace\thmnumber{\@ifno...
The control sequence at the end of the top line
of your error message was never \def'ed. If you have
misspelled it (e.g., `\hobx'), type `I' and the correct
spelling (e.g., `I\hbox'). Otherwise just continue,
and I'll forget about whatever was undefined.


! LaTeX Error: Command \sffamily invalid in math mode.

See the LaTeX manual or LaTeX Companion for explanation.
Type  H <return>  for immediate help.
 ...                                              
                                                  
l.123 {\small\sffamily
                      \color{ocre}\thmname{#1}\nobreakspace\thmnumber{\@ifno...

Please use the math alphabet \mathsf instead of the \sffamily command. 

! Undefined control sequence.
l.123 {\small\sffamily\color
                            {ocre}\thmname{#1}\nobreakspace\thmnumber{\@ifno...
The control sequence at the end of the top line
of your error message was never \def'ed. If you have
misspelled it (e.g., `\hobx'), type `I' and the correct
spelling (e.g., `I\hbox'). Otherwise just continue,
and I'll forget about whatever was undefined.

! Undefined control sequence.
l.123 {\small\sffamily\color{ocre}\thmname
                                          {#1}\nobreakspace\thmnumber{\@ifno...
The control sequence at the end of the top line
of your error message was never \def'ed. If you have
misspelled it (e.g., `\hobx'), type `I' and the correct
spelling (e.g., `I\hbox'). Otherwise just continue,
and I'll forget about whatever was undefined.

! You can't use `macro parameter character #' in math mode.
l.123 {\small\sffamily\color{ocre}\thmname{#
                                            1}\nobreakspace\thmnumber{\@ifno...
Sorry, but I'm not programmed to handle this case;
I'll just pretend that you didn't ask for it.
If you're in the wrong mode, you might be able to
return to the right one by typing `I}' or `I$' or `I\par'.

! Undefined control sequence.
l.123 ...{ocre}\thmname{#1}\nobreakspace\thmnumber
                                                  {\@ifnotempty{#1}{}\@upn{#...
The control sequence at the end of the top line
of your error message was never \def'ed. If you have
misspelled it (e.g., `\hobx'), type `I' and the correct
spelling (e.g., `I\hbox'). Otherwise just continue,
and I'll forget about whatever was undefined.

! Undefined control sequence.
l.123 ...e{#1}\nobreakspace\thmnumber{\@ifnotempty
                                                  {#1}{}\@upn{#2}}% Theorem ...
The control sequence at the end of the top line
of your error message was never \def'ed. If you have
misspelled it (e.g., `\hobx'), type `I' and the correct
spelling (e.g., `I\hbox'). Otherwise just continue,
and I'll forget about whatever was undefined.

! You can't use `macro parameter character #' in math mode.
l.123 ...#1}\nobreakspace\thmnumber{\@ifnotempty{#
                                                  1}{}\@upn{#2}}% Theorem te...
Sorry, but I'm not programmed to handle this case;
I'll just pretend that you didn't ask for it.
If you're in the wrong mode, you might be able to
return to the right one by typing `I}' or `I$' or `I\par'.

! Undefined control sequence.
l.123 ...akspace\thmnumber{\@ifnotempty{#1}{}\@upn
                                                  {#2}}% Theorem text (e.g. ...
The control sequence at the end of the top line
of your error message was never \def'ed. If you have
misspelled it (e.g., `\hobx'), type `I' and the correct
spelling (e.g., `I\hbox'). Otherwise just continue,
and I'll forget about whatever was undefined.

! You can't use `macro parameter character #' in math mode.
l.123 ...space\thmnumber{\@ifnotempty{#1}{}\@upn{#
                                                  2}}% Theorem text (e.g. Th...
Sorry, but I'm not programmed to handle this case;
I'll just pretend that you didn't ask for it.
If you're in the wrong mode, you might be able to
return to the right one by typing `I}' or `I$' or `I\par'.

! Undefined control sequence.
l.124 \thmnote
              {\nobreakspace\the\thm@notefont\sffamily\bfseries\color{black}...
The control sequence at the end of the top line
of your error message was never \def'ed. If you have
misspelled it (e.g., `\hobx'), type `I' and the correct
spelling (e.g., `I\hbox'). Otherwise just continue,
and I'll forget about whatever was undefined.

! Undefined control sequence.
l.124 \thmnote{\nobreakspace\the\thm@notefont
                                             \sffamily\bfseries\color{black}...
The control sequence at the end of the top line
of your error message was never \def'ed. If you have
misspelled it (e.g., `\hobx'), type `I' and the correct
spelling (e.g., `I\hbox'). Otherwise just continue,
and I'll forget about whatever was undefined.

! You can't use `\relax' after \the.
\sffamily ->\protect 
                     \sffamily  
l.124 ...e{\nobreakspace\the\thm@notefont\sffamily
                                                  \bfseries\color{black}---\...
I'm forgetting what you said and using zero instead.


! LaTeX Error: Command \sffamily invalid in math mode.

See the LaTeX manual or LaTeX Companion for explanation.
Type  H <return>  for immediate help.
 ...                                              
                                                  
l.124 ...e{\nobreakspace\the\thm@notefont\sffamily
                                                  \bfseries\color{black}---\...

Please use the math alphabet \mathsf instead of the \sffamily command. 


! LaTeX Error: Command \bfseries invalid in math mode.

See the LaTeX manual or LaTeX Companion for explanation.
Type  H <return>  for immediate help.
 ...                                              
                                                  
l.124 ...kspace\the\thm@notefont\sffamily\bfseries
                                                  \color{black}---\nobreaksp...

Please use the math alphabet \mathbf instead of the \bfseries command. 

! Undefined control sequence.
l.124 ...\the\thm@notefont\sffamily\bfseries\color
                                                  {black}---\nobreakspace#3....
The control sequence at the end of the top line
of your error message was never \def'ed. If you have
misspelled it (e.g., `\hobx'), type `I' and the correct
spelling (e.g., `I\hbox'). Otherwise just continue,
and I'll forget about whatever was undefined.

! You can't use `macro parameter character #' in math mode.
l.124 ...ly\bfseries\color{black}---\nobreakspace#
                                                  3.}} % Optional theorem note
Sorry, but I'm not programmed to handle this case;
I'll just pretend that you didn't ask for it.
If you're in the wrong mode, you might be able to
return to the right one by typing `I}' or `I$' or `I\par'.


! LaTeX Error: \qedsymbol undefined.

See the LaTeX manual or LaTeX Companion for explanation.
Type  H <return>  for immediate help.
 ...                                              
                                                  
l.125 \renewcommand{\qedsymbol}
                               {$\blacksquare$}% Optional qed square
Try typing  <return>  to proceed.
If that doesn't work, type  X <return>  to quit.

! Missing $ inserted.
<inserted text> 
                $
l.126 
      
I've inserted a begin-math/end-math symbol since I think
you left one out. Proceed, with fingers crossed.


Overfull \hbox (271.58047pt too wide) in paragraph at lines 115--126
[]\OT1/cmss/bx/n/10 ocrenumbox0pt0ptocre$ [][]$ 
 []

! Undefined control sequence.
l.127 \newtheoremstyle
                      {blacknumex}% Theorem style name
The control sequence at the end of the top line
of your error message was never \def'ed. If you have
misspelled it (e.g., `\hobx'), type `I' and the correct
spelling (e.g., `I\hbox'). Otherwise just continue,
and I'll forget about whatever was undefined.


! LaTeX Error: Missing \begin{document}.

See the LaTeX manual or LaTeX Companion for explanation.
Type  H <return>  for immediate help.
 ...                                              
                                                  
l.127 \newtheoremstyle{b
                        lacknumex}% Theorem style name
You're in trouble here.  Try typing  <return>  to proceed.
If that doesn't work, type  X <return>  to quit.

! Undefined control sequence.
l.132 {\small
             \bf\sffamily}% Theorem head font
The control sequence at the end of the top line
of your error message was never \def'ed. If you have
misspelled it (e.g., `\hobx'), type `I' and the correct
spelling (e.g., `I\hbox'). Otherwise just continue,
and I'll forget about whatever was undefined.

! Undefined control sequence.
l.132 {\small\bf
                \sffamily}% Theorem head font
The control sequence at the end of the top line
of your error message was never \def'ed. If you have
misspelled it (e.g., `\hobx'), type `I' and the correct
spelling (e.g., `I\hbox'). Otherwise just continue,
and I'll forget about whatever was undefined.

! Missing $ inserted.
<inserted text> 
                $
l.133 {\;
         }% Punctuation after theorem head
I've inserted a begin-math/end-math symbol since I think
you left one out. Proceed, with fingers crossed.

! Extra }, or forgotten $.
l.133 {\;}
          % Punctuation after theorem head
I've deleted a group-closing symbol because it seems to be
spurious, as in `$x}$'. But perhaps the } is legitimate and
you forgot something else, as in `\hbox{$x}'. In such cases
the way to recover is to insert both the forgotten and the
deleted material, e.g., by typing `I$}'.

! Undefined control sequence.
l.135 {\small
             \sffamily{\tiny\ensuremath{\blacksquare}}\nobreakspace\thmname{...
The control sequence at the end of the top line
of your error message was never \def'ed. If you have
misspelled it (e.g., `\hobx'), type `I' and the correct
spelling (e.g., `I\hbox'). Otherwise just continue,
and I'll forget about whatever was undefined.


! LaTeX Error: Command \sffamily invalid in math mode.

See the LaTeX manual or LaTeX Companion for explanation.
Type  H <return>  for immediate help.
 ...                                              
                                                  
l.135 {\small\sffamily
                      {\tiny\ensuremath{\blacksquare}}\nobreakspace\thmname{...

Please use the math alphabet \mathsf instead of the \sffamily command. 

! Undefined control sequence.
l.135 {\small\sffamily{\tiny
                            \ensuremath{\blacksquare}}\nobreakspace\thmname{...
The control sequence at the end of the top line
of your error message was never \def'ed. If you have
misspelled it (e.g., `\hobx'), type `I' and the correct
spelling (e.g., `I\hbox'). Otherwise just continue,
and I'll forget about whatever was undefined.

! Undefined control sequence.
<argument> \blacksquare 
                        
l.135 ...l\sffamily{\tiny\ensuremath{\blacksquare}
                                                  }\nobreakspace\thmname{#1}...
The control sequence at the end of the top line
of your error message was never \def'ed. If you have
misspelled it (e.g., `\hobx'), type `I' and the correct
spelling (e.g., `I\hbox'). Otherwise just continue,
and I'll forget about whatever was undefined.

! Undefined control sequence.
l.135 ...emath{\blacksquare}}\nobreakspace\thmname
                                                  {#1}\nobreakspace\thmnumbe...
The control sequence at the end of the top line
of your error message was never \def'ed. If you have
misspelled it (e.g., `\hobx'), type `I' and the correct
spelling (e.g., `I\hbox'). Otherwise just continue,
and I'll forget about whatever was undefined.

! You can't use `macro parameter character #' in math mode.
l.135 ...ath{\blacksquare}}\nobreakspace\thmname{#
                                                  1}\nobreakspace\thmnumber{...
Sorry, but I'm not programmed to handle this case;
I'll just pretend that you didn't ask for it.
If you're in the wrong mode, you might be able to
return to the right one by typing `I}' or `I$' or `I\par'.

! Undefined control sequence.
l.135 ...kspace\thmname{#1}\nobreakspace\thmnumber
                                                  {\@ifnotempty{#1}{}\@upn{#...
The control sequence at the end of the top line
of your error message was never \def'ed. If you have
misspelled it (e.g., `\hobx'), type `I' and the correct
spelling (e.g., `I\hbox'). Otherwise just continue,
and I'll forget about whatever was undefined.

! Undefined control sequence.
l.135 ...e{#1}\nobreakspace\thmnumber{\@ifnotempty
                                                  {#1}{}\@upn{#2}}% Theorem ...
The control sequence at the end of the top line
of your error message was never \def'ed. If you have
misspelled it (e.g., `\hobx'), type `I' and the correct
spelling (e.g., `I\hbox'). Otherwise just continue,
and I'll forget about whatever was undefined.

! You can't use `macro parameter character #' in math mode.
l.135 ...#1}\nobreakspace\thmnumber{\@ifnotempty{#
                                                  1}{}\@upn{#2}}% Theorem te...
Sorry, but I'm not programmed to handle this case;
I'll just pretend that you didn't ask for it.
If you're in the wrong mode, you might be able to
return to the right one by typing `I}' or `I$' or `I\par'.

! Undefined control sequence.
l.135 ...akspace\thmnumber{\@ifnotempty{#1}{}\@upn
                                                  {#2}}% Theorem text (e.g. ...
The control sequence at the end of the top line
of your error message was never \def'ed. If you have
misspelled it (e.g., `\hobx'), type `I' and the correct
spelling (e.g., `I\hbox'). Otherwise just continue,
and I'll forget about whatever was undefined.

! You can't use `macro parameter character #' in math mode.
l.135 ...space\thmnumber{\@ifnotempty{#1}{}\@upn{#
                                                  2}}% Theorem text (e.g. Th...
Sorry, but I'm not programmed to handle this case;
I'll just pretend that you didn't ask for it.
If you're in the wrong mode, you might be able to
return to the right one by typing `I}' or `I$' or `I\par'.

! Undefined control sequence.
l.136 \thmnote
              {\nobreakspace\the\thm@notefont\sffamily\bfseries---\nobreaksp...
The control sequence at the end of the top line
of your error message was never \def'ed. If you have
misspelled it (e.g., `\hobx'), type `I' and the correct
spelling (e.g., `I\hbox'). Otherwise just continue,
and I'll forget about whatever was undefined.

! Undefined control sequence.
l.136 \thmnote{\nobreakspace\the\thm@notefont
                                             \sffamily\bfseries---\nobreaksp...
The control sequence at the end of the top line
of your error message was never \def'ed. If you have
misspelled it (e.g., `\hobx'), type `I' and the correct
spelling (e.g., `I\hbox'). Otherwise just continue,
and I'll forget about whatever was undefined.

! You can't use `\relax' after \the.
\sffamily ->\protect 
                     \sffamily  
l.136 ...e{\nobreakspace\the\thm@notefont\sffamily
                                                  \bfseries---\nobreakspace#...
I'm forgetting what you said and using zero instead.


! LaTeX Error: Command \sffamily invalid in math mode.

See the LaTeX manual or LaTeX Companion for explanation.
Type  H <return>  for immediate help.
 ...                                              
                                                  
l.136 ...e{\nobreakspace\the\thm@notefont\sffamily
                                                  \bfseries---\nobreakspace#...

Please use the math alphabet \mathsf instead of the \sffamily command. 


! LaTeX Error: Command \bfseries invalid in math mode.

See the LaTeX manual or LaTeX Companion for explanation.
Type  H <return>  for immediate help.
 ...                                              
                                                  
l.136 ...kspace\the\thm@notefont\sffamily\bfseries
                                                  ---\nobreakspace#3.}}% Opt...

Please use the math alphabet \mathbf instead of the \bfseries command. 

! You can't use `macro parameter character #' in math mode.
l.136 ...tefont\sffamily\bfseries---\nobreakspace#
                                                  3.}}% Optional theorem note
Sorry, but I'm not programmed to handle this case;
I'll just pretend that you didn't ask for it.
If you're in the wrong mode, you might be able to
return to the right one by typing `I}' or `I$' or `I\par'.

! Missing $ inserted.
<inserted text> 
                $
l.137 
      
I've inserted a begin-math/end-math symbol since I think
you left one out. Proceed, with fingers crossed.


Overfull \hbox (103.917pt too wide) in paragraph at lines 127--137
[]\OT1/cmss/bx/n/10 blacknumex5pt5pt
 []


Overfull \hbox (105.88092pt too wide) in paragraph at lines 127--137
[][]$ 
 []

! Undefined control sequence.
l.138 \newtheoremstyle
                      {blacknumbox} % Theorem style name
The control sequence at the end of the top line
of your error message was never \def'ed. If you have
misspelled it (e.g., `\hobx'), type `I' and the correct
spelling (e.g., `I\hbox'). Otherwise just continue,
and I'll forget about whatever was undefined.


! LaTeX Error: Missing \begin{document}.

See the LaTeX manual or LaTeX Companion for explanation.
Type  H <return>  for immediate help.
 ...                                              
                                                  
l.138 \newtheoremstyle{b
                        lacknumbox} % Theorem style name
You're in trouble here.  Try typing  <return>  to proceed.
If that doesn't work, type  X <return>  to quit.

! Undefined control sequence.
l.143 {\small
             \bf\sffamily}% Theorem head font
The control sequence at the end of the top line
of your error message was never \def'ed. If you have
misspelled it (e.g., `\hobx'), type `I' and the correct
spelling (e.g., `I\hbox'). Otherwise just continue,
and I'll forget about whatever was undefined.

! Undefined control sequence.
l.143 {\small\bf
                \sffamily}% Theorem head font
The control sequence at the end of the top line
of your error message was never \def'ed. If you have
misspelled it (e.g., `\hobx'), type `I' and the correct
spelling (e.g., `I\hbox'). Otherwise just continue,
and I'll forget about whatever was undefined.

! Missing $ inserted.
<inserted text> 
                $
l.144 {\;
         }% Punctuation after theorem head
I've inserted a begin-math/end-math symbol since I think
you left one out. Proceed, with fingers crossed.

! Extra }, or forgotten $.
l.144 {\;}
          % Punctuation after theorem head
I've deleted a group-closing symbol because it seems to be
spurious, as in `$x}$'. But perhaps the } is legitimate and
you forgot something else, as in `\hbox{$x}'. In such cases
the way to recover is to insert both the forgotten and the
deleted material, e.g., by typing `I$}'.

! Undefined control sequence.
l.146 {\small
             \sffamily\thmname{#1}\nobreakspace\thmnumber{\@ifnotempty{#1}{}...
The control sequence at the end of the top line
of your error message was never \def'ed. If you have
misspelled it (e.g., `\hobx'), type `I' and the correct
spelling (e.g., `I\hbox'). Otherwise just continue,
and I'll forget about whatever was undefined.


! LaTeX Error: Command \sffamily invalid in math mode.

See the LaTeX manual or LaTeX Companion for explanation.
Type  H <return>  for immediate help.
 ...                                              
                                                  
l.146 {\small\sffamily
                      \thmname{#1}\nobreakspace\thmnumber{\@ifnotempty{#1}{}...

Please use the math alphabet \mathsf instead of the \sffamily command. 

! Undefined control sequence.
l.146 {\small\sffamily\thmname
                              {#1}\nobreakspace\thmnumber{\@ifnotempty{#1}{}...
The control sequence at the end of the top line
of your error message was never \def'ed. If you have
misspelled it (e.g., `\hobx'), type `I' and the correct
spelling (e.g., `I\hbox'). Otherwise just continue,
and I'll forget about whatever was undefined.

! You can't use `macro parameter character #' in math mode.
l.146 {\small\sffamily\thmname{#
                                1}\nobreakspace\thmnumber{\@ifnotempty{#1}{}...
Sorry, but I'm not programmed to handle this case;
I'll just pretend that you didn't ask for it.
If you're in the wrong mode, you might be able to
return to the right one by typing `I}' or `I$' or `I\par'.

! Undefined control sequence.
l.146 ...family\thmname{#1}\nobreakspace\thmnumber
                                                  {\@ifnotempty{#1}{}\@upn{#...
The control sequence at the end of the top line
of your error message was never \def'ed. If you have
misspelled it (e.g., `\hobx'), type `I' and the correct
spelling (e.g., `I\hbox'). Otherwise just continue,
and I'll forget about whatever was undefined.

! Undefined control sequence.
l.146 ...e{#1}\nobreakspace\thmnumber{\@ifnotempty
                                                  {#1}{}\@upn{#2}}% Theorem ...
The control sequence at the end of the top line
of your error message was never \def'ed. If you have
misspelled it (e.g., `\hobx'), type `I' and the correct
spelling (e.g., `I\hbox'). Otherwise just continue,
and I'll forget about whatever was undefined.

! You can't use `macro parameter character #' in math mode.
l.146 ...#1}\nobreakspace\thmnumber{\@ifnotempty{#
                                                  1}{}\@upn{#2}}% Theorem te...
Sorry, but I'm not programmed to handle this case;
I'll just pretend that you didn't ask for it.
If you're in the wrong mode, you might be able to
return to the right one by typing `I}' or `I$' or `I\par'.

! Undefined control sequence.
l.146 ...akspace\thmnumber{\@ifnotempty{#1}{}\@upn
                                                  {#2}}% Theorem text (e.g. ...
The control sequence at the end of the top line
of your error message was never \def'ed. If you have
misspelled it (e.g., `\hobx'), type `I' and the correct
spelling (e.g., `I\hbox'). Otherwise just continue,
and I'll forget about whatever was undefined.

! You can't use `macro parameter character #' in math mode.
l.146 ...space\thmnumber{\@ifnotempty{#1}{}\@upn{#
                                                  2}}% Theorem text (e.g. Th...
Sorry, but I'm not programmed to handle this case;
I'll just pretend that you didn't ask for it.
If you're in the wrong mode, you might be able to
return to the right one by typing `I}' or `I$' or `I\par'.

! Undefined control sequence.
l.147 \thmnote
              {\nobreakspace\the\thm@notefont\sffamily\bfseries---\nobreaksp...
The control sequence at the end of the top line
of your error message was never \def'ed. If you have
misspelled it (e.g., `\hobx'), type `I' and the correct
spelling (e.g., `I\hbox'). Otherwise just continue,
and I'll forget about whatever was undefined.

! Undefined control sequence.
l.147 \thmnote{\nobreakspace\the\thm@notefont
                                             \sffamily\bfseries---\nobreaksp...
The control sequence at the end of the top line
of your error message was never \def'ed. If you have
misspelled it (e.g., `\hobx'), type `I' and the correct
spelling (e.g., `I\hbox'). Otherwise just continue,
and I'll forget about whatever was undefined.

! You can't use `\relax' after \the.
\sffamily ->\protect 
                     \sffamily  
l.147 ...e{\nobreakspace\the\thm@notefont\sffamily
                                                  \bfseries---\nobreakspace#...
I'm forgetting what you said and using zero instead.


! LaTeX Error: Command \sffamily invalid in math mode.

See the LaTeX manual or LaTeX Companion for explanation.
Type  H <return>  for immediate help.
 ...                                              
                                                  
l.147 ...e{\nobreakspace\the\thm@notefont\sffamily
                                                  \bfseries---\nobreakspace#...

Please use the math alphabet \mathsf instead of the \sffamily command. 


! LaTeX Error: Command \bfseries invalid in math mode.

See the LaTeX manual or LaTeX Companion for explanation.
Type  H <return>  for immediate help.
 ...                                              
                                                  
l.147 ...kspace\the\thm@notefont\sffamily\bfseries
                                                  ---\nobreakspace#3.}}% Opt...

Please use the math alphabet \mathbf instead of the \bfseries command. 

! You can't use `macro parameter character #' in math mode.
l.147 ...tefont\sffamily\bfseries---\nobreakspace#
                                                  3.}}% Optional theorem note
Sorry, but I'm not programmed to handle this case;
I'll just pretend that you didn't ask for it.
If you're in the wrong mode, you might be able to
return to the right one by typing `I}' or `I$' or `I\par'.

! Missing $ inserted.
<inserted text> 
                $
l.148 
      
I've inserted a begin-math/end-math symbol since I think
you left one out. Proceed, with fingers crossed.


Overfull \hbox (79.61134pt too wide) in paragraph at lines 138--148
[]\OT1/cmss/bx/n/10 blacknumbox
 []


Overfull \hbox (135.29764pt too wide) in paragraph at lines 138--148
\OT1/cmss/bx/n/10 0pt0pt$ [][]$ 
 []

! Undefined control sequence.
l.152 \newtheoremstyle
                      {ocrenum}% % Theorem style name
The control sequence at the end of the top line
of your error message was never \def'ed. If you have
misspelled it (e.g., `\hobx'), type `I' and the correct
spelling (e.g., `I\hbox'). Otherwise just continue,
and I'll forget about whatever was undefined.


! LaTeX Error: Missing \begin{document}.

See the LaTeX manual or LaTeX Companion for explanation.
Type  H <return>  for immediate help.
 ...                                              
                                                  
l.152 \newtheoremstyle{o
                        crenum}% % Theorem style name
You're in trouble here.  Try typing  <return>  to proceed.
If that doesn't work, type  X <return>  to quit.

! Undefined control sequence.
l.157 {\small
             \bf\sffamily\color{ocre}}% % Theorem head font
The control sequence at the end of the top line
of your error message was never \def'ed. If you have
misspelled it (e.g., `\hobx'), type `I' and the correct
spelling (e.g., `I\hbox'). Otherwise just continue,
and I'll forget about whatever was undefined.

! Undefined control sequence.
l.157 {\small\bf
                \sffamily\color{ocre}}% % Theorem head font
The control sequence at the end of the top line
of your error message was never \def'ed. If you have
misspelled it (e.g., `\hobx'), type `I' and the correct
spelling (e.g., `I\hbox'). Otherwise just continue,
and I'll forget about whatever was undefined.

! Undefined control sequence.
l.157 {\small\bf\sffamily\color
                               {ocre}}% % Theorem head font
The control sequence at the end of the top line
of your error message was never \def'ed. If you have
misspelled it (e.g., `\hobx'), type `I' and the correct
spelling (e.g., `I\hbox'). Otherwise just continue,
and I'll forget about whatever was undefined.

! Missing $ inserted.
<inserted text> 
                $
l.158 {\;
         }% Punctuation after theorem head
I've inserted a begin-math/end-math symbol since I think
you left one out. Proceed, with fingers crossed.

! Extra }, or forgotten $.
l.158 {\;}
          % Punctuation after theorem head
I've deleted a group-closing symbol because it seems to be
spurious, as in `$x}$'. But perhaps the } is legitimate and
you forgot something else, as in `\hbox{$x}'. In such cases
the way to recover is to insert both the forgotten and the
deleted material, e.g., by typing `I$}'.

! Undefined control sequence.
l.160 {\small
             \sffamily\color{ocre}\thmname{#1}\nobreakspace\thmnumber{\@ifno...
The control sequence at the end of the top line
of your error message was never \def'ed. If you have
misspelled it (e.g., `\hobx'), type `I' and the correct
spelling (e.g., `I\hbox'). Otherwise just continue,
and I'll forget about whatever was undefined.


! LaTeX Error: Command \sffamily invalid in math mode.

See the LaTeX manual or LaTeX Companion for explanation.
Type  H <return>  for immediate help.
 ...                                              
                                                  
l.160 {\small\sffamily
                      \color{ocre}\thmname{#1}\nobreakspace\thmnumber{\@ifno...

Please use the math alphabet \mathsf instead of the \sffamily command. 

! Undefined control sequence.
l.160 {\small\sffamily\color
                            {ocre}\thmname{#1}\nobreakspace\thmnumber{\@ifno...
The control sequence at the end of the top line
of your error message was never \def'ed. If you have
misspelled it (e.g., `\hobx'), type `I' and the correct
spelling (e.g., `I\hbox'). Otherwise just continue,
and I'll forget about whatever was undefined.

! Undefined control sequence.
l.160 {\small\sffamily\color{ocre}\thmname
                                          {#1}\nobreakspace\thmnumber{\@ifno...
The control sequence at the end of the top line
of your error message was never \def'ed. If you have
misspelled it (e.g., `\hobx'), type `I' and the correct
spelling (e.g., `I\hbox'). Otherwise just continue,
and I'll forget about whatever was undefined.

! You can't use `macro parameter character #' in math mode.
l.160 {\small\sffamily\color{ocre}\thmname{#
                                            1}\nobreakspace\thmnumber{\@ifno...
Sorry, but I'm not programmed to handle this case;
I'll just pretend that you didn't ask for it.
If you're in the wrong mode, you might be able to
return to the right one by typing `I}' or `I$' or `I\par'.

! Undefined control sequence.
l.160 ...{ocre}\thmname{#1}\nobreakspace\thmnumber
                                                  {\@ifnotempty{#1}{}\@upn{#...
The control sequence at the end of the top line
of your error message was never \def'ed. If you have
misspelled it (e.g., `\hobx'), type `I' and the correct
spelling (e.g., `I\hbox'). Otherwise just continue,
and I'll forget about whatever was undefined.

! Undefined control sequence.
l.160 ...e{#1}\nobreakspace\thmnumber{\@ifnotempty
                                                  {#1}{}\@upn{#2}}% Theorem ...
The control sequence at the end of the top line
of your error message was never \def'ed. If you have
misspelled it (e.g., `\hobx'), type `I' and the correct
spelling (e.g., `I\hbox'). Otherwise just continue,
and I'll forget about whatever was undefined.

! You can't use `macro parameter character #' in math mode.
l.160 ...#1}\nobreakspace\thmnumber{\@ifnotempty{#
                                                  1}{}\@upn{#2}}% Theorem te...
Sorry, but I'm not programmed to handle this case;
I'll just pretend that you didn't ask for it.
If you're in the wrong mode, you might be able to
return to the right one by typing `I}' or `I$' or `I\par'.

! Undefined control sequence.
l.160 ...akspace\thmnumber{\@ifnotempty{#1}{}\@upn
                                                  {#2}}% Theorem text (e.g. ...
The control sequence at the end of the top line
of your error message was never \def'ed. If you have
misspelled it (e.g., `\hobx'), type `I' and the correct
spelling (e.g., `I\hbox'). Otherwise just continue,
and I'll forget about whatever was undefined.

! You can't use `macro parameter character #' in math mode.
l.160 ...space\thmnumber{\@ifnotempty{#1}{}\@upn{#
                                                  2}}% Theorem text (e.g. Th...
Sorry, but I'm not programmed to handle this case;
I'll just pretend that you didn't ask for it.
If you're in the wrong mode, you might be able to
return to the right one by typing `I}' or `I$' or `I\par'.

! Undefined control sequence.
l.161 \thmnote
              {\nobreakspace\the\thm@notefont\sffamily\bfseries\color{black}...
The control sequence at the end of the top line
of your error message was never \def'ed. If you have
misspelled it (e.g., `\hobx'), type `I' and the correct
spelling (e.g., `I\hbox'). Otherwise just continue,
and I'll forget about whatever was undefined.

! Undefined control sequence.
l.161 \thmnote{\nobreakspace\the\thm@notefont
                                             \sffamily\bfseries\color{black}...
The control sequence at the end of the top line
of your error message was never \def'ed. If you have
misspelled it (e.g., `\hobx'), type `I' and the correct
spelling (e.g., `I\hbox'). Otherwise just continue,
and I'll forget about whatever was undefined.

! You can't use `\relax' after \the.
\sffamily ->\protect 
                     \sffamily  
l.161 ...e{\nobreakspace\the\thm@notefont\sffamily
                                                  \bfseries\color{black}---\...
I'm forgetting what you said and using zero instead.


! LaTeX Error: Command \sffamily invalid in math mode.

See the LaTeX manual or LaTeX Companion for explanation.
Type  H <return>  for immediate help.
 ...                                              
                                                  
l.161 ...e{\nobreakspace\the\thm@notefont\sffamily
                                                  \bfseries\color{black}---\...

Please use the math alphabet \mathsf instead of the \sffamily command. 


! LaTeX Error: Command \bfseries invalid in math mode.

See the LaTeX manual or LaTeX Companion for explanation.
Type  H <return>  for immediate help.
 ...                                              
                                                  
l.161 ...kspace\the\thm@notefont\sffamily\bfseries
                                                  \color{black}---\nobreaksp...

Please use the math alphabet \mathbf instead of the \bfseries command. 

! Undefined control sequence.
l.161 ...\the\thm@notefont\sffamily\bfseries\color
                                                  {black}---\nobreakspace#3....
The control sequence at the end of the top line
of your error message was never \def'ed. If you have
misspelled it (e.g., `\hobx'), type `I' and the correct
spelling (e.g., `I\hbox'). Otherwise just continue,
and I'll forget about whatever was undefined.

! You can't use `macro parameter character #' in math mode.
l.161 ...ly\bfseries\color{black}---\nobreakspace#
                                                  3.}} % Optional theorem note
Sorry, but I'm not programmed to handle this case;
I'll just pretend that you didn't ask for it.
If you're in the wrong mode, you might be able to
return to the right one by typing `I}' or `I$' or `I\par'.


! LaTeX Error: \qedsymbol undefined.

See the LaTeX manual or LaTeX Companion for explanation.
Type  H <return>  for immediate help.
 ...                                              
                                                  
l.162 \renewcommand{\qedsymbol}
                               {$\blacksquare$}% Optional qed square
Try typing  <return>  to proceed.
If that doesn't work, type  X <return>  to quit.

! Missing $ inserted.
<inserted text> 
                $
l.164 
      
I've inserted a begin-math/end-math symbol since I think
you left one out. Proceed, with fingers crossed.


Overfull \hbox (255.4693pt too wide) in paragraph at lines 152--164
[]\OT1/cmss/bx/n/10 ocrenum5pt5ptocre$ [][]$ 
 []

\c@dummy=\count80
! Undefined control sequence.
<recently read> \numberwithin 
                              
l.167 \numberwithin
                   {dummy}{section}
The control sequence at the end of the top line
of your error message was never \def'ed. If you have
misspelled it (e.g., `\hobx'), type `I' and the correct
spelling (e.g., `I\hbox'). Otherwise just continue,
and I'll forget about whatever was undefined.


! LaTeX Error: Missing \begin{document}.

See the LaTeX manual or LaTeX Companion for explanation.
Type  H <return>  for immediate help.
 ...                                              
                                                  
l.167 \numberwithin{d
                     ummy}{section}
You're in trouble here.  Try typing  <return>  to proceed.
If that doesn't work, type  X <return>  to quit.

! Undefined control sequence.
l.168 \theoremstyle
                   {ocrenumbox}
The control sequence at the end of the top line
of your error message was never \def'ed. If you have
misspelled it (e.g., `\hobx'), type `I' and the correct
spelling (e.g., `I\hbox'). Otherwise just continue,
and I'll forget about whatever was undefined.

\c@problem=\count81

! LaTeX Error: No counter 'chapter' defined.

See the LaTeX manual or LaTeX Companion for explanation.
Type  H <return>  for immediate help.
 ...                                              
                                                  
l.170 \newtheorem{problem}{Problem}[chapter]
                                            
Your command was ignored.
Type  I <command> <return>  to replace it with another command,
or  <return>  to continue without it.

\c@exerciseT=\count82

! LaTeX Error: No counter 'chapter' defined.

See the LaTeX manual or LaTeX Companion for explanation.
Type  H <return>  for immediate help.
 ...                                              
                                                  
l.171 \newtheorem{exerciseT}{Exercise}[chapter]
                                               
Your command was ignored.
Type  I <command> <return>  to replace it with another command,
or  <return>  to continue without it.

! Undefined control sequence.
l.172 \theoremstyle
                   {blacknumex}
The control sequence at the end of the top line
of your error message was never \def'ed. If you have
misspelled it (e.g., `\hobx'), type `I' and the correct
spelling (e.g., `I\hbox'). Otherwise just continue,
and I'll forget about whatever was undefined.

\c@exampleT=\count83

! LaTeX Error: No counter 'chapter' defined.

See the LaTeX manual or LaTeX Companion for explanation.
Type  H <return>  for immediate help.
 ...                                              
                                                  
l.173 \newtheorem{exampleT}{Example}[chapter]
                                             
Your command was ignored.
Type  I <command> <return>  to replace it with another command,
or  <return>  to continue without it.

! Undefined control sequence.
l.174 \theoremstyle
                   {blacknumbox}
The control sequence at the end of the top line
of your error message was never \def'ed. If you have
misspelled it (e.g., `\hobx'), type `I' and the correct
spelling (e.g., `I\hbox'). Otherwise just continue,
and I'll forget about whatever was undefined.

\c@vocabulary=\count84

! LaTeX Error: No counter 'chapter' defined.

See the LaTeX manual or LaTeX Companion for explanation.
Type  H <return>  for immediate help.
 ...                                              
                                                  
l.175 \newtheorem{vocabulary}{Vocabulary}[chapter]
                                                  
Your command was ignored.
Type  I <command> <return>  to replace it with another command,
or  <return>  to continue without it.

\c@definitionT=\count85

! LaTeX Error: No counter 'section' defined.

See the LaTeX manual or LaTeX Companion for explanation.
Type  H <return>  for immediate help.
 ...                                              
                                                  
l.176 ...theorem{definitionT}{Definition}[section]
                                                  
Your command was ignored.
Type  I <command> <return>  to replace it with another command,
or  <return>  to continue without it.

! Undefined control sequence.
l.178 \theoremstyle
                   {ocrenum}
The control sequence at the end of the top line
of your error message was never \def'ed. If you have
misspelled it (e.g., `\hobx'), type `I' and the correct
spelling (e.g., `I\hbox'). Otherwise just continue,
and I'll forget about whatever was undefined.


Overfull \hbox (85.48082pt too wide) in paragraph at lines 167--180
[]\OT1/cmss/bx/n/10 dummysection
 []


Overfull \hbox (23.19456pt too wide) in paragraph at lines 167--180
\OT1/cmss/bx/n/10 ocre-
 []


Overfull \hbox (23.55565pt too wide) in paragraph at lines 167--180
\OT1/cmss/bx/n/10 num-
 []


Overfull \hbox (16.11118pt too wide) in paragraph at lines 167--180
\OT1/cmss/bx/n/10 box
 []


Overfull \hbox (27.2779pt too wide) in paragraph at lines 167--180
\OT1/cmss/bx/n/10 black-
 []


Overfull \hbox (14.88895pt too wide) in paragraph at lines 167--180
\OT1/cmss/bx/n/10 nu-
 []


Overfull \hbox (18.77785pt too wide) in paragraph at lines 167--180
\OT1/cmss/bx/n/10 mex
 []


Overfull \hbox (27.2779pt too wide) in paragraph at lines 167--180
\OT1/cmss/bx/n/10 black-
 []


Overfull \hbox (23.55565pt too wide) in paragraph at lines 167--180
\OT1/cmss/bx/n/10 num-
 []


Overfull \hbox (16.11118pt too wide) in paragraph at lines 167--180
\OT1/cmss/bx/n/10 box
 []


Overfull \hbox (23.19456pt too wide) in paragraph at lines 167--180
\OT1/cmss/bx/n/10 ocre-
 []


Overfull \hbox (19.88896pt too wide) in paragraph at lines 167--180
\OT1/cmss/bx/n/10 num
 []

(C:\Users\Claudio\AppData\Roaming\MiKTeX\2.9\tex\latex\mdframed\mdframed.sty
Package: mdframed 2013/07/01 1.9b: mdframed

("C:\Program Files\MiKTeX 2.9\tex\latex\oberdiek\kvoptions.sty"
Package: kvoptions 2016/05/16 v3.12 Key value format for package options (HO)

("C:\Program Files\MiKTeX 2.9\tex\latex\graphics\keyval.sty"
Package: keyval 2014/10/28 v1.15 key=value parser (DPC)
\KV@toks@=\toks14
)
("C:\Program Files\MiKTeX 2.9\tex\generic\oberdiek\ltxcmds.sty"
Package: ltxcmds 2016/05/16 v1.23 LaTeX kernel commands for general use (HO)
)
("C:\Program Files\MiKTeX 2.9\tex\generic\oberdiek\kvsetkeys.sty"
Package: kvsetkeys 2016/05/16 v1.17 Key value parser (HO)

("C:\Program Files\MiKTeX 2.9\tex\generic\oberdiek\infwarerr.sty"
Package: infwarerr 2016/05/16 v1.4 Providing info/warning/error messages (HO)
)
("C:\Program Files\MiKTeX 2.9\tex\generic\oberdiek\etexcmds.sty"
Package: etexcmds 2016/05/16 v1.6 Avoid name clashes with e-TeX commands (HO)

("C:\Program Files\MiKTeX 2.9\tex\generic\oberdiek\ifluatex.sty"
Package: ifluatex 2016/05/16 v1.4 Provides the ifluatex switch (HO)
Package ifluatex Info: LuaTeX not detected.
)
Package etexcmds Info: Could not find \expanded.
(etexcmds)             That can mean that you are not using pdfTeX 1.50 or
(etexcmds)             that some package has redefined \expanded.
(etexcmds)             In the latter case, load this package earlier.
)))
(C:\Users\Claudio\AppData\Roaming\MiKTeX\2.9\tex\latex\l3packages\xparse\xparse
.sty (C:\Users\Claudio\AppData\Roaming\MiKTeX\2.9\tex\latex\l3kernel\expl3.sty
Package: expl3 2017/02/10 v6878 L3 programming layer (loader) 

(C:\Users\Claudio\AppData\Roaming\MiKTeX\2.9\tex\latex\l3kernel\expl3-code.tex
Package: expl3 2017/02/10 v6878 L3 programming layer (code)
L3 Module: l3bootstrap 2016/12/28 v6805 L3 Bootstrap code
L3 Module: l3names 2016/12/28 v6805 L3 Namespace for primitives
L3 Module: l3basics 2016/12/28 v6805 L3 Basic definitions
L3 Module: l3expan 2016/12/28 v6805 L3 Argument expansion
L3 Module: l3tl 2017/02/06 v6842 L3 Token lists
L3 Module: l3str 2017/01/01 v6809 L3 Strings
L3 Module: l3seq 2017/02/06 v6842 L3 Sequences and stacks
L3 Module: l3int 2016/12/28 v6805 L3 Integers
\c_max_int=\count86
\l_tmpa_int=\count87
\l_tmpb_int=\count88
\g_tmpa_int=\count89
\g_tmpb_int=\count90
L3 Module: l3quark 2016/12/28 v6805 L3 Quarks
L3 Module: l3prg 2017/01/01 v6811 L3 Control structures
\g__prg_map_int=\count91
L3 Module: l3clist 2017/02/06 v6842 L3 Comma separated lists
L3 Module: l3token 2016/12/28 v6805 L3 Experimental token manipulation
L3 Module: l3prop 2016/12/28 v6805 L3 Property lists
L3 Module: l3msg 2016/12/28 v6805 L3 Messages
L3 Module: l3file 2016/12/28 v6805 L3 File and I/O operations
\l_iow_line_count_int=\count92
\l__iow_target_count_int=\count93
\l__iow_current_line_int=\count94
\l__iow_current_word_int=\count95
\l__iow_current_indentation_int=\count96
L3 Module: l3skip 2017/01/01 v6809 L3 Dimensions and skips
\c_zero_dim=\dimen102
\c_max_dim=\dimen103
\l_tmpa_dim=\dimen104
\l_tmpb_dim=\dimen105
\g_tmpa_dim=\dimen106
\g_tmpb_dim=\dimen107
\c_zero_skip=\skip41
\c_max_skip=\skip42
\l_tmpa_skip=\skip43
\l_tmpb_skip=\skip44
\g_tmpa_skip=\skip45
\g_tmpb_skip=\skip46
\c_zero_muskip=\muskip10
\c_max_muskip=\muskip11
\l_tmpa_muskip=\muskip12
\l_tmpb_muskip=\muskip13
\g_tmpa_muskip=\muskip14
\g_tmpb_muskip=\muskip15
L3 Module: l3keys 2017/01/01 v6811 L3 Key-value interfaces
\l_keys_choice_int=\count97
L3 Module: l3fp 2016/12/28 v6805 L3 Floating points
\c__fp_leading_shift_int=\count98
\c__fp_middle_shift_int=\count99
\c__fp_trailing_shift_int=\count100
\c__fp_big_leading_shift_int=\count101
\c__fp_big_middle_shift_int=\count102
\c__fp_big_trailing_shift_int=\count103
\c__fp_Bigg_leading_shift_int=\count104
\c__fp_Bigg_middle_shift_int=\count105
\c__fp_Bigg_trailing_shift_int=\count106
\c__fp_rand_size_int=\count107
\c__fp_rand_four_int=\count108
\c__fp_rand_eight_int=\count109
L3 Module: l3sort 2017/02/07 v6847 L3 Sorting functions
\l__sort_length_int=\count110
\l__sort_min_int=\count111
\l__sort_top_int=\count112
\l__sort_max_int=\count113
\l__sort_true_max_int=\count114
\l__sort_block_int=\count115
\l__sort_begin_int=\count116
\l__sort_end_int=\count117
\l__sort_A_int=\count118
\l__sort_B_int=\count119
\l__sort_C_int=\count120
L3 Module: l3box 2016/12/28 v6805 L3 Experimental boxes
\c_empty_box=\box26
\l_tmpa_box=\box27
\l_tmpb_box=\box28
\g_tmpa_box=\box29
\g_tmpb_box=\box30
L3 Module: l3coffins 2016/12/28 v6805 L3 Coffin code layer
\l__coffin_internal_box=\box31
\l__coffin_internal_dim=\dimen108
\l__coffin_offset_x_dim=\dimen109
\l__coffin_offset_y_dim=\dimen110
\l__coffin_x_dim=\dimen111
\l__coffin_y_dim=\dimen112
\l__coffin_x_prime_dim=\dimen113
\l__coffin_y_prime_dim=\dimen114
\c_empty_coffin=\box32
\l__coffin_aligned_coffin=\box33
\l__coffin_aligned_internal_coffin=\box34
\l_tmpa_coffin=\box35
\l_tmpb_coffin=\box36
\l__coffin_display_coffin=\box37
\l__coffin_display_coord_coffin=\box38
\l__coffin_display_pole_coffin=\box39
\l__coffin_display_offset_dim=\dimen115
\l__coffin_display_x_dim=\dimen116
\l__coffin_display_y_dim=\dimen117
L3 Module: l3color 2016/12/28 v6805 L3 Experimental color support
L3 Module: l3sys 2017/01/01 v6811 L3 Experimental system/runtime functions
L3 Module: l3candidates 2017/01/30 v6835 L3 Experimental additions to l3kernel
\l__box_top_dim=\dimen118
\l__box_bottom_dim=\dimen119
\l__box_left_dim=\dimen120
\l__box_right_dim=\dimen121
\l__box_top_new_dim=\dimen122
\l__box_bottom_new_dim=\dimen123
\l__box_left_new_dim=\dimen124
\l__box_right_new_dim=\dimen125
\l__box_internal_box=\box40
\l__coffin_bounding_shift_dim=\dimen126
\l__coffin_left_corner_dim=\dimen127
\l__coffin_right_corner_dim=\dimen128
\l__coffin_bottom_corner_dim=\dimen129
\l__coffin_top_corner_dim=\dimen130
\l__coffin_scaled_total_height_dim=\dimen131
\l__coffin_scaled_width_dim=\dimen132
L3 Module: l3luatex 2016/12/28 v6805 L3 Experimental LuaTeX-specific functions
) (C:\Users\Claudio\AppData\Roaming\MiKTeX\2.9\tex\latex\l3kernel\l3pdfmode.def
File: l3pdfmode.def 2016/12/28 v6805 L3 Experimental driver: PDF mode
\l__driver_color_stack_int=\count121
\l__driver_tmp_box=\box41
))
Package: xparse 2017/02/10 v6878 L3 Experimental document command parser
\l__xparse_current_arg_int=\count122
\g__xparse_grabber_int=\count123
\l__xparse_m_args_int=\count124
\l__xparse_mandatory_args_int=\count125
\l__xparse_v_nesting_int=\count126
) (C:\Users\Claudio\AppData\Roaming\MiKTeX\2.9\tex\latex\etoolbox\etoolbox.sty
Package: etoolbox 2017/01/02 v2.4 e-TeX tools for LaTeX (JAW)
\etb@tempcnta=\count127
) ("C:\Program Files\MiKTeX 2.9\tex\latex\oberdiek\zref-abspage.sty"
Package: zref-abspage 2016/05/21 v2.26 Module abspage for zref (HO)

("C:\Program Files\MiKTeX 2.9\tex\latex\oberdiek\zref-base.sty"
Package: zref-base 2016/05/21 v2.26 Module base for zref (HO)

("C:\Program Files\MiKTeX 2.9\tex\generic\oberdiek\kvdefinekeys.sty"
Package: kvdefinekeys 2016/05/16 v1.4 Define keys (HO)
)
("C:\Program Files\MiKTeX 2.9\tex\generic\oberdiek\pdftexcmds.sty"
Package: pdftexcmds 2016/05/21 v0.22 Utility functions of pdfTeX for LuaTeX (HO
)

("C:\Program Files\MiKTeX 2.9\tex\generic\oberdiek\ifpdf.sty"
Package: ifpdf 2016/05/14 v3.1 Provides the ifpdf switch
)
Package pdftexcmds Info: LuaTeX not detected.
Package pdftexcmds Info: \pdf@primitive is available.
Package pdftexcmds Info: \pdf@ifprimitive is available.
Package pdftexcmds Info: \pdfdraftmode found.
)
("C:\Program Files\MiKTeX 2.9\tex\latex\oberdiek\auxhook.sty"
Package: auxhook 2016/05/16 v1.4 Hooks for auxiliary files (HO)
)
Package zref Info: New property list: main on input line 759.
Package zref Info: New property: default on input line 760.
Package zref Info: New property: page on input line 761.
)
("C:\Program Files\MiKTeX 2.9\tex\generic\oberdiek\atbegshi.sty"
Package: atbegshi 2016/06/09 v1.18 At begin shipout hook (HO)
)
\c@abspage=\count128
Package zref Info: New property: abspage on input line 62.
)
(C:\Users\Claudio\AppData\Roaming\MiKTeX\2.9\tex\latex\needspace\needspace.sty
Package: needspace 2010/09/12 v1.3d reserve vertical space
) ("C:\Program Files\MiKTeX 2.9\tex\latex\graphics\color.sty"
Package: color 2016/07/10 v1.1e Standard LaTeX Color (DPC)

("C:\Program Files\MiKTeX 2.9\tex\latex\graphics-cfg\color.cfg"
File: color.cfg 2016/01/02 v1.6 sample color configuration
)
Package color Info: Driver file: pdftex.def on input line 147.

("C:\Program Files\MiKTeX 2.9\tex\latex\graphics-def\pdftex.def"
File: pdftex.def 2017/01/12 v0.06k Graphics/color for pdfTeX
\Gread@gobject=\count129
))
\mdf@templength=\skip47
\c@mdf@globalstyle@cnt=\count130
\mdf@skipabove@length=\skip48
\mdf@skipbelow@length=\skip49
\mdf@leftmargin@length=\skip50
\mdf@rightmargin@length=\skip51
\mdf@innerleftmargin@length=\skip52
\mdf@innerrightmargin@length=\skip53
\mdf@innertopmargin@length=\skip54
\mdf@innerbottommargin@length=\skip55
\mdf@splittopskip@length=\skip56
\mdf@splitbottomskip@length=\skip57
\mdf@outermargin@length=\skip58
\mdf@innermargin@length=\skip59
\mdf@linewidth@length=\skip60
\mdf@innerlinewidth@length=\skip61
\mdf@middlelinewidth@length=\skip62
\mdf@outerlinewidth@length=\skip63
\mdf@roundcorner@length=\skip64
\mdf@footenotedistance@length=\skip65
\mdf@userdefinedwidth@length=\skip66
\mdf@needspace@length=\skip67
\mdf@frametitleaboveskip@length=\skip68
\mdf@frametitlebelowskip@length=\skip69
\mdf@frametitlerulewidth@length=\skip70
\mdf@frametitleleftmargin@length=\skip71
\mdf@frametitlerightmargin@length=\skip72
\mdf@shadowsize@length=\skip73
\mdf@extratopheight@length=\skip74
\mdf@subtitleabovelinewidth@length=\skip75
\mdf@subtitlebelowlinewidth@length=\skip76
\mdf@subtitleaboveskip@length=\skip77
\mdf@subtitlebelowskip@length=\skip78
\mdf@subtitleinneraboveskip@length=\skip79
\mdf@subtitleinnerbelowskip@length=\skip80
\mdf@subsubtitleabovelinewidth@length=\skip81
\mdf@subsubtitlebelowlinewidth@length=\skip82
\mdf@subsubtitleaboveskip@length=\skip83
\mdf@subsubtitlebelowskip@length=\skip84
\mdf@subsubtitleinneraboveskip@length=\skip85
\mdf@subsubtitleinnerbelowskip@length=\skip86

(C:\Users\Claudio\AppData\Roaming\MiKTeX\2.9\tex\latex\mdframed\md-frame-0.mdf
File: md-frame-0.mdf 2013/07/01\ 1.9b: md-frame-0
)
\mdf@frametitlebox=\box42
\mdf@footnotebox=\box43
\mdf@splitbox@one=\box44
\mdf@splitbox@two=\box45
\mdf@splitbox@save=\box46
\mdfsplitboxwidth=\skip87
\mdfsplitboxtotalwidth=\skip88
\mdfsplitboxheight=\skip89
\mdfsplitboxdepth=\skip90
\mdfsplitboxtotalheight=\skip91
\mdfframetitleboxwidth=\skip92
\mdfframetitleboxtotalwidth=\skip93
\mdfframetitleboxheight=\skip94
\mdfframetitleboxdepth=\skip95
\mdfframetitleboxtotalheight=\skip96
\mdffootnoteboxwidth=\skip97
\mdffootnoteboxtotalwidth=\skip98
\mdffootnoteboxheight=\skip99
\mdffootnoteboxdepth=\skip100
\mdffootnoteboxtotalheight=\skip101
\mdftotallinewidth=\skip102
\mdfboundingboxwidth=\skip103
\mdfboundingboxtotalwidth=\skip104
\mdfboundingboxheight=\skip105
\mdfboundingboxdepth=\skip106
\mdfboundingboxtotalheight=\skip107
\mdf@freevspace@length=\skip108
\mdf@horizontalwidthofbox@length=\skip109
\mdf@verticalmarginwhole@length=\skip110
\mdf@horizontalspaceofbox=\skip111
\mdfsubtitleheight=\skip112
\mdfsubsubtitleheight=\skip113
\c@mdfcountframes=\count131

****** mdframed patching \endmdf@trivlist

****** -- success******

.................................................
. LaTeX info: "xparse/define-command"
. 
. Defining command \newmdtheoremenv with sig. 'O{} m o m o ' on line 601.
.................................................
.................................................
. LaTeX info: "xparse/define-command"
. 
. Defining command \mdtheorem with sig. ' O{} m o m o ' on line 701.
.................................................
\mdf@envdepth=\count132
\c@mdf@env@i=\count133
\c@mdf@env@ii=\count134
\c@mdf@zref@counter=\count135
Package zref Info: New property: mdf@pagevalue on input line 895.
)

! LaTeX Error: \section undefined.

See the LaTeX manual or LaTeX Companion for explanation.
Type  H <return>  for immediate help.
 ...                                              
                                                  
l.274 \renewcommand{\section}
                             {\@startsection{section}{1}{\z@}
Try typing  <return>  to proceed.
If that doesn't work, type  X <return>  to quit.


! LaTeX Error: \subsection undefined.

See the LaTeX manual or LaTeX Companion for explanation.
Type  H <return>  for immediate help.
 ...                                              
                                                  
l.278 \renewcommand{\subsection}
                                {\@startsection {subsection}{2}{\z@}
Try typing  <return>  to proceed.
If that doesn't work, type  X <return>  to quit.


! LaTeX Error: \subsubsection undefined.

See the LaTeX manual or LaTeX Companion for explanation.
Type  H <return>  for immediate help.
 ...                                              
                                                  
l.282 \renewcommand{\subsubsection}
                                   {\@startsection {subsubsection}{3}{\z@}
Try typing  <return>  to proceed.
If that doesn't work, type  X <return>  to quit.


! LaTeX Error: \paragraph undefined.

See the LaTeX manual or LaTeX Companion for explanation.
Type  H <return>  for immediate help.
 ...                                              
                                                  
l.286 \renewcommand\paragraph
                             {\@startsection{paragraph}{4}{\z@}
Try typing  <return>  to proceed.
If that doesn't work, type  X <return>  to quit.


! LaTeX Error: \usepackage before \documentclass.

See the LaTeX manual or LaTeX Companion for explanation.
Type  H <return>  for immediate help.
 ...                                              
                                                  
l.296 \usepackage{
                  hyperref}
\usepackage may only appear in the document preamble, i.e.,
between \documentclass and \begin{document}.

! Undefined control sequence.
l.298 \hypersetup
                 {hidelinks,colorlinks=false,breaklinks=true,urlcolor=ocre,b...
The control sequence at the end of the top line
of your error message was never \def'ed. If you have
misspelled it (e.g., `\hobx'), type `I' and the correct
spelling (e.g., `I\hbox'). Otherwise just continue,
and I'll forget about whatever was undefined.


! LaTeX Error: Missing \begin{document}.

See the LaTeX manual or LaTeX Companion for explanation.
Type  H <return>  for immediate help.
 ...                                              
                                                  
l.298 \hypersetup{h
                   idelinks,colorlinks=false,breaklinks=true,urlcolor=ocre,b...

You're in trouble here.  Try typing  <return>  to proceed.
If that doesn't work, type  X <return>  to quit.


Overfull \hbox (530.74667pt too wide) in paragraph at lines 298--299
[]\OT1/cmss/bx/n/10 hidelinks,colorlinks=false,breaklinks=true,urlcolor=ocre,bo
okmarksopen=false,pdftitle=Title,pdfauthor=Author 
 []

)
! Emergency stop.
<*> ./structure.tex
                   
*** (job aborted, no legal \end found)

 
Here is how much of TeX's memory you used:
 9154 strings out of 493333
 179932 string characters out of 3139189
 222223 words of memory out of 3000000
 12693 multiletter control sequences out of 15000+200000
 4239 words of font info for 16 fonts, out of 3000000 for 9000
 1141 hyphenation exceptions out of 8191
 39i,4n,29p,10400b,4211s stack positions out of 5000i,500n,10000p,200000b,50000s
!  ==> Fatal error occurred, no output PDF file produced!
